  Application.cpp
  Main.cpp
  ModuleAudio.cpp
  ModuleInput.cpp
  ModulePhysics.cpp
C:\Users\Iván\Documents\GitHub\PinballPhysicsII\Pinball\ModulePhysics.cpp(179,23): warning C4244: '=': conversion from 'float' to 'int', possible loss of data
C:\Users\Iván\Documents\GitHub\PinballPhysicsII\Pinball\ModulePhysics.cpp(180,25): warning C4244: '=': conversion from 'float' to 'int', possible loss of data
C:\Users\Iván\Documents\GitHub\PinballPhysicsII\Pinball\ModulePhysics.cpp(223,20): warning C4018: '<': signed/unsigned mismatch
C:\Users\Iván\Documents\GitHub\PinballPhysicsII\Pinball\ModulePhysics.cpp(407,13): warning C4244: 'initializing': conversion from 'int' to 'float', possible loss of data
C:\Users\Iván\Documents\GitHub\PinballPhysicsII\Pinball\ModulePhysics.cpp(408,13): warning C4244: 'initializing': conversion from 'int' to 'float', possible loss of data
C:\Users\Iván\Documents\GitHub\PinballPhysicsII\Pinball\ModulePhysics.cpp(414,27): warning C4244: 'return': conversion from 'float32' to 'int', possible loss of data
C:\Users\Iván\Documents\GitHub\PinballPhysicsII\Pinball\ModulePhysics.cpp(445,21): warning C4018: '<': signed/unsigned mismatch
  ModulePlayer.cpp
  ModuleRender.cpp
  ModuleSceneGame.cpp
C:\Users\Iván\Documents\GitHub\PinballPhysicsII\Pinball\ModuleSceneGame.cpp(166,48): warning C4244: 'argument': conversion from 'TYPE' to 'TYPE', possible loss of data
          with
          [
              TYPE=int
          ]
          and
          [
              TYPE=float
          ]
C:\Users\Iván\Documents\GitHub\PinballPhysicsII\Pinball\ModuleSceneGame.cpp(166,31): warning C4244: 'argument': conversion from 'TYPE' to 'TYPE', possible loss of data
          with
          [
              TYPE=int
          ]
          and
          [
              TYPE=float
          ]
C:\Users\Iván\Documents\GitHub\PinballPhysicsII\Pinball\ModuleSceneGame.cpp(168,18): warning C4244: 'argument': conversion from 'int' to 'float', possible loss of data
C:\Users\Iván\Documents\GitHub\PinballPhysicsII\Pinball\ModuleSceneGame.cpp(170,70): warning C4244: 'argument': conversion from 'TYPE' to 'int', possible loss of data
          with
          [
              TYPE=float
          ]
C:\Users\Iván\Documents\GitHub\PinballPhysicsII\Pinball\ModuleSceneGame.cpp(170,47): warning C4244: 'argument': conversion from 'TYPE' to 'int', possible loss of data
          with
          [
              TYPE=float
          ]
C:\Users\Iván\Documents\GitHub\PinballPhysicsII\Pinball\ModuleSceneGame.cpp(173,138): warning C4244: 'argument': conversion from 'TYPE' to 'int', possible loss of data
          with
          [
              TYPE=float
          ]
C:\Users\Iván\Documents\GitHub\PinballPhysicsII\Pinball\ModuleSceneGame.cpp(173,96): warning C4244: 'argument': conversion from 'TYPE' to 'int', possible loss of data
          with
          [
              TYPE=float
          ]
C:\Users\Iván\Documents\GitHub\PinballPhysicsII\Pinball\ModuleSceneGame.cpp(173,57): warning C4244: 'argument': conversion from 'TYPE' to 'int', possible loss of data
          with
          [
              TYPE=float
          ]
C:\Users\Iván\Documents\GitHub\PinballPhysicsII\Pinball\ModuleSceneGame.cpp(173,34): warning C4244: 'argument': conversion from 'TYPE' to 'int', possible loss of data
          with
          [
              TYPE=float
          ]
C:\Users\Iván\Documents\GitHub\PinballPhysicsII\Pinball\ModuleSceneGame.cpp(181,9): warning C4101: 'y': unreferenced local variable
C:\Users\Iván\Documents\GitHub\PinballPhysicsII\Pinball\ModuleSceneGame.cpp(181,6): warning C4101: 'x': unreferenced local variable
  ModuleSceneIntro.cpp
C:\Users\Iván\Documents\GitHub\PinballPhysicsII\Pinball\ModuleSceneIntro.cpp(166,45): warning C4244: 'argument': conversion from 'TYPE' to 'TYPE', possible loss of data
          with
          [
              TYPE=int
          ]
          and
          [
              TYPE=float
          ]
C:\Users\Iván\Documents\GitHub\PinballPhysicsII\Pinball\ModuleSceneIntro.cpp(166,30): warning C4244: 'argument': conversion from 'TYPE' to 'TYPE', possible loss of data
          with
          [
              TYPE=int
          ]
          and
          [
              TYPE=float
          ]
C:\Users\Iván\Documents\GitHub\PinballPhysicsII\Pinball\ModuleSceneIntro.cpp(168,18): warning C4244: 'argument': conversion from 'int' to 'float', possible loss of data
C:\Users\Iván\Documents\GitHub\PinballPhysicsII\Pinball\ModuleSceneIntro.cpp(170,70): warning C4244: 'argument': conversion from 'TYPE' to 'int', possible loss of data
          with
          [
              TYPE=float
          ]
C:\Users\Iván\Documents\GitHub\PinballPhysicsII\Pinball\ModuleSceneIntro.cpp(170,47): warning C4244: 'argument': conversion from 'TYPE' to 'int', possible loss of data
          with
          [
              TYPE=float
          ]
C:\Users\Iván\Documents\GitHub\PinballPhysicsII\Pinball\ModuleSceneIntro.cpp(173,138): warning C4244: 'argument': conversion from 'TYPE' to 'int', possible loss of data
          with
          [
              TYPE=float
          ]
C:\Users\Iván\Documents\GitHub\PinballPhysicsII\Pinball\ModuleSceneIntro.cpp(173,96): warning C4244: 'argument': conversion from 'TYPE' to 'int', possible loss of data
          with
          [
              TYPE=float
          ]
C:\Users\Iván\Documents\GitHub\PinballPhysicsII\Pinball\ModuleSceneIntro.cpp(173,57): warning C4244: 'argument': conversion from 'TYPE' to 'int', possible loss of data
          with
          [
              TYPE=float
          ]
C:\Users\Iván\Documents\GitHub\PinballPhysicsII\Pinball\ModuleSceneIntro.cpp(173,34): warning C4244: 'argument': conversion from 'TYPE' to 'int', possible loss of data
          with
          [
              TYPE=float
          ]
C:\Users\Iván\Documents\GitHub\PinballPhysicsII\Pinball\ModuleSceneIntro.cpp(181,9): warning C4101: 'y': unreferenced local variable
C:\Users\Iván\Documents\GitHub\PinballPhysicsII\Pinball\ModuleSceneIntro.cpp(181,6): warning C4101: 'x': unreferenced local variable
  ModuleTextures.cpp
  ModuleWindow.cpp
  log.cpp
  Generating Code...
  SDL Game.vcxproj -> C:\Users\Iván\Documents\GitHub\PinballPhysicsII\Pinball\Debug\2D Physics - class 4.exe
